09:50:37.888 [background-preinit] INFO  o.h.v.i.util.Version - [<clinit>,21] - HV000001: Hibernate Validator 6.1.5.Final
09:50:38.927 [main] INFO  c.a.n.c.c.i.LocalConfigInfoProcessor - [<clinit>,212] - LOCAL_SNAPSHOT_PATH:C:\Users\Administrator\nacos\config
09:50:39.271 [main] INFO  c.a.n.c.c.i.Limiter - [<clinit>,54] - limitTime:5.0
09:50:39.305 [main] INFO  c.a.n.c.c.u.JvmUtil - [<clinit>,49] - isMultiInstance:false
09:50:39.340 [main] INFO  c.t.s.SystemApplication - [logStartupProfileInfo,655] - The following profiles are active: dev
09:50:43.314 [main] INFO  o.a.c.h.Http11NioProtocol - [log,173] - Initializing ProtocolHandler ["http-nio-9201"]
09:50:43.314 [main] INFO  o.a.c.c.StandardService - [log,173] - Starting service [Tomcat]
09:50:43.315 [main] INFO  o.a.c.c.StandardEngine - [log,173] - Starting Servlet engine: [Apache Tomcat/9.0.38]
09:50:43.623 [main] INFO  o.a.c.c.C.[.[.[/] - [log,173] - Initializing Spring embedded WebApplicationContext
09:50:45.382 [main] INFO  c.z.h.HikariDataSource - [getConnection,110] - HikariPool-1 - Starting...
09:50:46.206 [main] INFO  c.z.h.HikariDataSource - [getConnection,123] - HikariPool-1 - Start completed.
09:50:48.480 [main] INFO  c.a.c.s.SentinelWebAutoConfiguration - [addInterceptors,80] - [Sentinel Starter] register SentinelWebInterceptor with urlPatterns: [/**].
09:50:49.636 [main] INFO  c.a.n.client.naming - [call,64] - initializer namespace from System Property :null
09:50:49.637 [main] INFO  c.a.n.client.naming - [call,73] - initializer namespace from System Environment :null
09:50:49.638 [main] INFO  c.a.n.client.naming - [call,83] - initializer namespace from System Property :null
09:50:50.202 [main] INFO  s.d.s.w.PropertySourcedRequestMappingHandlerMapping - [initHandlerMethods,69] - Mapped URL path [/v2/api-docs] onto method [springfox.documentation.swagger2.web.Swagger2Controller#getDocumentation(String, HttpServletRequest)]
09:50:50.319 [main] INFO  c.n.c.s.URLConfigurationSource - [<init>,122] - To enable URLs as dynamic configuration sources, define System property archaius.configurationSource.additionalUrls or make config.properties available on classpath.
09:50:50.330 [main] INFO  c.n.c.s.URLConfigurationSource - [<init>,122] - To enable URLs as dynamic configuration sources, define System property archaius.configurationSource.additionalUrls or make config.properties available on classpath.
09:50:52.823 [main] INFO  c.a.n.client.naming - [processServiceJson,217] - init new ips(0) service: DEFAULT_GROUP@@tcoiss-system -> []
09:50:52.832 [main] INFO  c.a.n.client.naming - [processServiceJson,228] - current ips:(0) service: DEFAULT_GROUP@@tcoiss-system -> []
09:50:52.834 [main] INFO  c.a.n.client.naming - [addListener,83] - [LISTENER] adding DEFAULT_GROUP@@tcoiss-system with DEFAULT to listener map
09:50:52.847 [main] INFO  o.a.c.h.Http11NioProtocol - [log,173] - Starting ProtocolHandler ["http-nio-9201"]
09:50:52.968 [main] INFO  c.a.n.client.naming - [addBeatInfo,81] - [BEAT] adding beat: BeatInfo{port=9201, ip='192.168.1.148', weight=1.0, serviceName='DEFAULT_GROUP@@tcoiss-system', cluster='DEFAULT', metadata={preserved.register.source=SPRING_CLOUD}, webserviced=false, period=5000, stopped=false} to beat map.
09:50:52.971 [main] INFO  c.a.n.client.naming - [registerService,223] - [REGISTER-SERVICE] public registering service DEFAULT_GROUP@@tcoiss-system with instance: Instance{instanceId='null', ip='192.168.1.148', port=9201, weight=1.0, healthy=true, enabled=true, ephemeral=true, clusterName='DEFAULT', serviceName='null', metadata={preserved.register.source=SPRING_CLOUD}}
09:50:53.002 [main] INFO  c.a.c.n.r.NacosServiceRegistry - [register,71] - nacos registry, DEFAULT_GROUP tcoiss-system 192.168.1.148:9201 register finished
09:50:53.810 [main] INFO  s.d.s.w.p.DocumentationPluginsBootstrapper - [start,160] - Context refreshed
09:50:53.838 [main] INFO  s.d.s.w.p.DocumentationPluginsBootstrapper - [start,163] - Found 1 custom documentation plugin(s)
09:50:53.863 [com.alibaba.nacos.client.naming.updater] INFO  c.a.n.client.naming - [processServiceJson,191] - new ips(1) service: DEFAULT_GROUP@@tcoiss-system@@DEFAULT -> [{"instanceId":"192.168.1.148#9201#DEFAULT#DEFAULT_GROUP@@tcoiss-system","ip":"192.168.1.148","port":9201,"weight":1.0,"healthy":true,"enabled":true,"ephemeral":true,"clusterName":"DEFAULT","serviceName":"tcoiss-system","metadata":{"preserved.register.source":"SPRING_CLOUD"},"ipDeleteTimeout":30000,"instanceHeartBeatInterval":5000,"instanceHeartBeatTimeOut":15000}]
09:50:53.868 [com.alibaba.nacos.client.naming.updater] INFO  c.a.n.client.naming - [processServiceJson,228] - current ips:(1) service: DEFAULT_GROUP@@tcoiss-system@@DEFAULT -> [{"instanceId":"192.168.1.148#9201#DEFAULT#DEFAULT_GROUP@@tcoiss-system","ip":"192.168.1.148","port":9201,"weight":1.0,"healthy":true,"enabled":true,"ephemeral":true,"clusterName":"DEFAULT","serviceName":"tcoiss-system","metadata":{"preserved.register.source":"SPRING_CLOUD"},"ipDeleteTimeout":30000,"instanceHeartBeatInterval":5000,"instanceHeartBeatTimeOut":15000}]
09:50:53.967 [main] INFO  s.d.s.w.s.ApiListingReferenceScanner - [scan,41] - Scanning for api listing references
09:50:54.238 [main] INFO  s.d.s.w.r.o.CachingOperationNameGenerator - [startingWith,40] - Generating unique operation named: addUsingPOST_1
09:50:54.240 [main] INFO  s.d.s.w.r.o.CachingOperationNameGenerator - [startingWith,40] - Generating unique operation named: editUsingPUT_1
09:50:54.243 [main] INFO  s.d.s.w.r.o.CachingOperationNameGenerator - [startingWith,40] - Generating unique operation named: getInfoUsingGET_1
09:50:54.253 [main] INFO  s.d.s.w.r.o.CachingOperationNameGenerator - [startingWith,40] - Generating unique operation named: listUsingGET_1
09:50:54.256 [main] INFO  s.d.s.w.r.o.CachingOperationNameGenerator - [startingWith,40] - Generating unique operation named: removeUsingDELETE_1
09:50:54.281 [main] INFO  s.d.s.w.r.o.CachingOperationNameGenerator - [startingWith,40] - Generating unique operation named: addUsingPOST_2
09:50:54.285 [main] INFO  s.d.s.w.r.o.CachingOperationNameGenerator - [startingWith,40] - Generating unique operation named: editUsingPUT_2
09:50:54.295 [main] INFO  s.d.s.w.r.o.CachingOperationNameGenerator - [startingWith,40] - Generating unique operation named: exportUsingPOST_1
09:50:54.298 [main] INFO  s.d.s.w.r.o.CachingOperationNameGenerator - [startingWith,40] - Generating unique operation named: getInfoUsingGET_2
09:50:54.302 [main] INFO  s.d.s.w.r.o.CachingOperationNameGenerator - [startingWith,40] - Generating unique operation named: listUsingGET_2
09:50:54.307 [main] INFO  s.d.s.w.r.o.CachingOperationNameGenerator - [startingWith,40] - Generating unique operation named: removeUsingDELETE_2
09:50:54.317 [main] INFO  s.d.s.w.r.o.CachingOperationNameGenerator - [startingWith,40] - Generating unique operation named: addUsingPOST_3
09:50:54.319 [main] INFO  s.d.s.w.r.o.CachingOperationNameGenerator - [startingWith,40] - Generating unique operation named: clearCacheUsingDELETE_1
09:50:54.322 [main] INFO  s.d.s.w.r.o.CachingOperationNameGenerator - [startingWith,40] - Generating unique operation named: editUsingPUT_3
09:50:54.331 [main] INFO  s.d.s.w.r.o.CachingOperationNameGenerator - [startingWith,40] - Generating unique operation named: exportUsingPOST_2
09:50:54.333 [main] INFO  s.d.s.w.r.o.CachingOperationNameGenerator - [startingWith,40] - Generating unique operation named: getInfoUsingGET_3
09:50:54.344 [main] INFO  s.d.s.w.r.o.CachingOperationNameGenerator - [startingWith,40] - Generating unique operation named: listUsingGET_3
09:50:54.348 [main] INFO  s.d.s.w.r.o.CachingOperationNameGenerator - [startingWith,40] - Generating unique operation named: removeUsingDELETE_3
09:50:54.354 [main] INFO  s.d.s.w.r.o.CachingOperationNameGenerator - [startingWith,40] - Generating unique operation named: addUsingPOST_4
09:50:54.364 [main] INFO  s.d.s.w.r.o.CachingOperationNameGenerator - [startingWith,40] - Generating unique operation named: exportUsingPOST_3
09:50:54.367 [main] INFO  s.d.s.w.r.o.CachingOperationNameGenerator - [startingWith,40] - Generating unique operation named: listUsingGET_4
09:50:54.369 [main] INFO  s.d.s.w.r.o.CachingOperationNameGenerator - [startingWith,40] - Generating unique operation named: removeUsingDELETE_4
09:50:54.379 [main] INFO  s.d.s.w.r.o.CachingOperationNameGenerator - [startingWith,40] - Generating unique operation named: addUsingPOST_5
09:50:54.381 [main] INFO  s.d.s.w.r.o.CachingOperationNameGenerator - [startingWith,40] - Generating unique operation named: editUsingPUT_4
09:50:54.383 [main] INFO  s.d.s.w.r.o.CachingOperationNameGenerator - [startingWith,40] - Generating unique operation named: getInfoUsingGET_4
09:50:54.392 [main] INFO  s.d.s.w.r.o.CachingOperationNameGenerator - [startingWith,40] - Generating unique operation named: listUsingGET_5
09:50:54.394 [main] INFO  s.d.s.w.r.o.CachingOperationNameGenerator - [startingWith,40] - Generating unique operation named: removeUsingDELETE_5
09:50:54.399 [main] INFO  s.d.s.w.r.o.CachingOperationNameGenerator - [startingWith,40] - Generating unique operation named: treeselectUsingGET_1
09:50:54.405 [main] INFO  s.d.s.w.r.o.CachingOperationNameGenerator - [startingWith,40] - Generating unique operation named: addUsingPOST_6
09:50:54.407 [main] INFO  s.d.s.w.r.o.CachingOperationNameGenerator - [startingWith,40] - Generating unique operation named: editUsingPUT_5
09:50:54.409 [main] INFO  s.d.s.w.r.o.CachingOperationNameGenerator - [startingWith,40] - Generating unique operation named: getInfoUsingGET_5
09:50:54.415 [main] INFO  s.d.s.w.r.o.CachingOperationNameGenerator - [startingWith,40] - Generating unique operation named: listUsingGET_6
09:50:54.417 [main] INFO  s.d.s.w.r.o.CachingOperationNameGenerator - [startingWith,40] - Generating unique operation named: removeUsingDELETE_6
09:50:54.427 [main] INFO  s.d.s.w.r.o.CachingOperationNameGenerator - [startingWith,40] - Generating unique operation named: addUsingPOST_7
09:50:54.429 [main] INFO  s.d.s.w.r.o.CachingOperationNameGenerator - [startingWith,40] - Generating unique operation named: cleanUsingDELETE_1
09:50:54.435 [main] INFO  s.d.s.w.r.o.CachingOperationNameGenerator - [startingWith,40] - Generating unique operation named: exportUsingPOST_4
09:50:54.439 [main] INFO  s.d.s.w.r.o.CachingOperationNameGenerator - [startingWith,40] - Generating unique operation named: listUsingGET_7
09:50:54.441 [main] INFO  s.d.s.w.r.o.CachingOperationNameGenerator - [startingWith,40] - Generating unique operation named: removeUsingDELETE_7
09:50:54.448 [main] INFO  s.d.s.w.r.o.CachingOperationNameGenerator - [startingWith,40] - Generating unique operation named: addUsingPOST_8
09:50:54.450 [main] INFO  s.d.s.w.r.o.CachingOperationNameGenerator - [startingWith,40] - Generating unique operation named: editUsingPUT_6
09:50:54.457 [main] INFO  s.d.s.w.r.o.CachingOperationNameGenerator - [startingWith,40] - Generating unique operation named: exportUsingPOST_5
09:50:54.459 [main] INFO  s.d.s.w.r.o.CachingOperationNameGenerator - [startingWith,40] - Generating unique operation named: getInfoUsingGET_6
09:50:54.461 [main] INFO  s.d.s.w.r.o.CachingOperationNameGenerator - [startingWith,40] - Generating unique operation named: listUsingGET_8
09:50:54.462 [main] INFO  s.d.s.w.r.o.CachingOperationNameGenerator - [startingWith,40] - Generating unique operation named: optionselectUsingGET_1
09:50:54.464 [main] INFO  s.d.s.w.r.o.CachingOperationNameGenerator - [startingWith,40] - Generating unique operation named: removeUsingDELETE_8
09:50:54.493 [main] INFO  s.d.s.w.r.o.CachingOperationNameGenerator - [startingWith,40] - Generating unique operation named: addUsingPOST_9
09:50:54.501 [main] INFO  s.d.s.w.r.o.CachingOperationNameGenerator - [startingWith,40] - Generating unique operation named: editUsingPUT_7
09:50:54.507 [main] INFO  s.d.s.w.r.o.CachingOperationNameGenerator - [startingWith,40] - Generating unique operation named: exportUsingPOST_6
09:50:54.510 [main] INFO  s.d.s.w.r.o.CachingOperationNameGenerator - [startingWith,40] - Generating unique operation named: getInfoUsingGET_7
09:50:54.512 [main] INFO  s.d.s.w.r.o.CachingOperationNameGenerator - [startingWith,40] - Generating unique operation named: listUsingGET_9
09:50:54.514 [main] INFO  s.d.s.w.r.o.CachingOperationNameGenerator - [startingWith,40] - Generating unique operation named: optionselectUsingGET_2
09:50:54.515 [main] INFO  s.d.s.w.r.o.CachingOperationNameGenerator - [startingWith,40] - Generating unique operation named: removeUsingDELETE_9
09:50:54.519 [main] INFO  s.d.s.w.r.o.CachingOperationNameGenerator - [startingWith,40] - Generating unique operation named: addUsingPOST_10
09:50:54.522 [main] INFO  s.d.s.w.r.o.CachingOperationNameGenerator - [startingWith,40] - Generating unique operation named: changeStatusUsingPUT_1
09:50:54.524 [main] INFO  s.d.s.w.r.o.CachingOperationNameGenerator - [startingWith,40] - Generating unique operation named: editUsingPUT_8
09:50:54.534 [main] INFO  s.d.s.w.r.o.CachingOperationNameGenerator - [startingWith,40] - Generating unique operation named: exportUsingPOST_7
09:50:54.538 [main] INFO  s.d.s.w.r.o.CachingOperationNameGenerator - [startingWith,40] - Generating unique operation named: getInfoUsingGET_8
09:50:54.540 [main] INFO  s.d.s.w.r.o.CachingOperationNameGenerator - [startingWith,40] - Generating unique operation named: getInfoUsingGET_9
09:50:54.542 [main] INFO  s.d.s.w.r.o.CachingOperationNameGenerator - [startingWith,40] - Generating unique operation named: getInfoUsingGET_10
09:50:54.571 [main] INFO  s.d.s.w.r.o.CachingOperationNameGenerator - [startingWith,40] - Generating unique operation named: listUsingGET_10
09:50:54.574 [main] INFO  s.d.s.w.r.o.CachingOperationNameGenerator - [startingWith,40] - Generating unique operation named: removeUsingDELETE_10
09:50:54.581 [main] INFO  s.d.s.w.r.o.CachingOperationNameGenerator - [startingWith,40] - Generating unique operation named: listUsingGET_11
09:50:54.612 [main] INFO  c.t.s.SystemApplication - [logStarted,61] - Started SystemApplication in 17.607 seconds (JVM running for 18.739)
09:50:54.660 [main] INFO  c.a.n.c.c.i.ClientWorker - [addCacheDataIfAbsent,262] - [fixed-127.0.0.1_8848] [subscribe] tcoiss-system.yml+DEFAULT_GROUP
09:50:54.661 [main] INFO  c.a.n.c.c.i.CacheData - [addListener,93] - [fixed-127.0.0.1_8848] [add-listener] ok, tenant=, dataId=tcoiss-system.yml, group=DEFAULT_GROUP, cnt=1
09:50:54.664 [main] INFO  c.a.n.c.c.i.ClientWorker - [addCacheDataIfAbsent,262] - [fixed-127.0.0.1_8848] [subscribe] tcoiss-system-dev.yml+DEFAULT_GROUP
09:50:54.664 [main] INFO  c.a.n.c.c.i.CacheData - [addListener,93] - [fixed-127.0.0.1_8848] [add-listener] ok, tenant=, dataId=tcoiss-system-dev.yml, group=DEFAULT_GROUP, cnt=1
09:50:54.665 [main] INFO  c.a.n.c.c.i.ClientWorker - [addCacheDataIfAbsent,262] - [fixed-127.0.0.1_8848] [subscribe] tcoiss-system+DEFAULT_GROUP
09:50:54.665 [main] INFO  c.a.n.c.c.i.CacheData - [addListener,93] - [fixed-127.0.0.1_8848] [add-listener] ok, tenant=, dataId=tcoiss-system, group=DEFAULT_GROUP, cnt=1
10:12:49.626 [http-nio-9201-exec-1] INFO  o.a.c.c.C.[.[.[/] - [log,173] - Initializing Spring DispatcherServlet 'dispatcherServlet'
13:45:11.239 [task-1] INFO  c.n.c.ChainedDynamicProperty - [checkAndFlip,115] - Flipping property: tcoiss-system.ribbon.ActiveConnectionsLimit to use NEXT property: niws.loadbalancer.availabilityFilteringRule.activeConnectionsLimit = 2147483647
13:45:11.255 [task-1] INFO  c.n.l.BaseLoadBalancer - [initWithConfig,197] - Client: tcoiss-system instantiated a LoadBalancer: DynamicServerListLoadBalancer:{NFLoadBalancer:name=tcoiss-system,current list of Servers=[],Load balancer stats=Zone stats: {},Server stats: []}ServerList:null
13:45:11.261 [task-1] INFO  c.n.l.DynamicServerListLoadBalancer - [enableAndInitLearnNewServersFeature,222] - Using serverListUpdater PollingServerListUpdater
13:45:11.268 [task-1] INFO  c.n.l.DynamicServerListLoadBalancer - [restOfInit,150] - DynamicServerListLoadBalancer for client tcoiss-system initialized: DynamicServerListLoadBalancer:{NFLoadBalancer:name=tcoiss-system,current list of Servers=[],Load balancer stats=Zone stats: {},Server stats: []}ServerList:com.alibaba.cloud.nacos.ribbon.NacosServerList@78c76c83
13:45:12.278 [com.alibaba.nacos.client.naming.updater] INFO  c.a.n.client.naming - [processServiceJson,191] - new ips(1) service: DEFAULT_GROUP@@tcoiss-system -> [{"instanceId":"192.168.1.148#9201#DEFAULT#DEFAULT_GROUP@@tcoiss-system","ip":"192.168.1.148","port":9201,"weight":1.0,"healthy":true,"enabled":true,"ephemeral":true,"clusterName":"DEFAULT","serviceName":"tcoiss-system","metadata":{"preserved.register.source":"SPRING_CLOUD"},"ipDeleteTimeout":30000,"instanceHeartBeatInterval":5000,"instanceHeartBeatTimeOut":15000}]
13:45:12.282 [com.alibaba.nacos.client.naming.updater] INFO  c.a.n.client.naming - [processServiceJson,228] - current ips:(1) service: DEFAULT_GROUP@@tcoiss-system -> [{"instanceId":"192.168.1.148#9201#DEFAULT#DEFAULT_GROUP@@tcoiss-system","ip":"192.168.1.148","port":9201,"weight":1.0,"healthy":true,"enabled":true,"ephemeral":true,"clusterName":"DEFAULT","serviceName":"tcoiss-system","metadata":{"preserved.register.source":"SPRING_CLOUD"},"ipDeleteTimeout":30000,"instanceHeartBeatInterval":5000,"instanceHeartBeatTimeOut":15000}]
13:45:42.291 [PollingServerListUpdater-0] INFO  c.n.c.ChainedDynamicProperty - [checkAndFlip,115] - Flipping property: tcoiss-system.ribbon.ActiveConnectionsLimit to use NEXT property: niws.loadbalancer.availabilityFilteringRule.activeConnectionsLimit = 2147483647
