09:01:21.015 [main] ERROR c.a.n.c.c.h.ServerHttpAgent - [httpGet,111] - [NACOS SocketTimeoutException httpGet] currentServerAddr:http://127.0.0.1:8848， err : connect timed out
09:01:22.022 [main] ERROR c.a.n.c.c.h.ServerHttpAgent - [httpGet,111] - [NACOS SocketTimeoutException httpGet] currentServerAddr:http://127.0.0.1:8848， err : connect timed out
09:01:23.028 [main] ERROR c.a.n.c.c.h.ServerHttpAgent - [httpGet,108] - [NACOS ConnectException httpGet] currentServerAddr:http://127.0.0.1:8848, err : Connection refused: connect
09:01:23.028 [main] ERROR c.a.n.c.c.h.ServerHttpAgent - [httpGet,132] - no available server
09:01:23.032 [main] ERROR c.a.n.c.c.i.ClientWorker - [getServerConfig,303] - [fixed-127.0.0.1_8848] [sub-server] get server config exception, dataId=application-dev.yml, group=DEFAULT_GROUP, tenant=
java.net.ConnectException: no available server
	at com.alibaba.nacos.client.config.http.ServerHttpAgent.httpGet(ServerHttpAgent.java:133)
	at com.alibaba.nacos.client.config.http.MetricsHttpAgent.httpGet(MetricsHttpAgent.java:51)
	at com.alibaba.nacos.client.config.impl.ClientWorker.getServerConfig(ClientWorker.java:298)
	at com.alibaba.nacos.client.config.NacosConfigService.getConfigInner(NacosConfigService.java:149)
	at com.alibaba.nacos.client.config.NacosConfigService.getConfig(NacosConfigService.java:97)
	at com.alibaba.cloud.nacos.client.NacosPropertySourceBuilder.loadNacosData(NacosPropertySourceBuilder.java:85)
	at com.alibaba.cloud.nacos.client.NacosPropertySourceBuilder.build(NacosPropertySourceBuilder.java:74)
	at com.alibaba.cloud.nacos.client.NacosPropertySourceLocator.loadNacosPropertySource(NacosPropertySourceLocator.java:204)
	at com.alibaba.cloud.nacos.client.NacosPropertySourceLocator.loadNacosDataIfPresent(NacosPropertySourceLocator.java:191)
	at com.alibaba.cloud.nacos.client.NacosPropertySourceLocator.loadNacosConfiguration(NacosPropertySourceLocator.java:161)
	at com.alibaba.cloud.nacos.client.NacosPropertySourceLocator.loadSharedConfiguration(NacosPropertySourceLocator.java:117)
	at com.alibaba.cloud.nacos.client.NacosPropertySourceLocator.locate(NacosPropertySourceLocator.java:101)
	at org.springframework.cloud.bootstrap.config.PropertySourceLocator.locateCollection(PropertySourceLocator.java:52)
	at org.springframework.cloud.bootstrap.config.PropertySourceLocator.locateCollection(PropertySourceLocator.java:47)
	at org.springframework.cloud.bootstrap.config.PropertySourceBootstrapConfiguration.initialize(PropertySourceBootstrapConfiguration.java:98)
	at org.springframework.boot.SpringApplication.applyInitializers(SpringApplication.java:626)
	at org.springframework.boot.SpringApplication.prepareContext(SpringApplication.java:370)
	at org.springframework.boot.SpringApplication.run(SpringApplication.java:314)
	at org.springframework.boot.SpringApplication.run(SpringApplication.java:1237)
	at org.springframework.boot.SpringApplication.run(SpringApplication.java:1226)
	at com.tcoiss.gen.GenApplication.main(GenApplication.java:22)
09:01:24.059 [main] ERROR c.a.n.c.c.h.ServerHttpAgent - [httpGet,111] - [NACOS SocketTimeoutException httpGet] currentServerAddr:http://127.0.0.1:8848， err : connect timed out
09:01:25.060 [main] ERROR c.a.n.c.c.h.ServerHttpAgent - [httpGet,111] - [NACOS SocketTimeoutException httpGet] currentServerAddr:http://127.0.0.1:8848， err : connect timed out
09:01:26.062 [main] ERROR c.a.n.c.c.h.ServerHttpAgent - [httpGet,111] - [NACOS SocketTimeoutException httpGet] currentServerAddr:http://127.0.0.1:8848， err : connect timed out
09:01:26.062 [main] ERROR c.a.n.c.c.h.ServerHttpAgent - [httpGet,132] - no available server
09:01:26.063 [main] ERROR c.a.n.c.c.i.ClientWorker - [getServerConfig,303] - [fixed-127.0.0.1_8848] [sub-server] get server config exception, dataId=tcoiss-gen, group=DEFAULT_GROUP, tenant=
java.net.ConnectException: no available server
	at com.alibaba.nacos.client.config.http.ServerHttpAgent.httpGet(ServerHttpAgent.java:133)
	at com.alibaba.nacos.client.config.http.MetricsHttpAgent.httpGet(MetricsHttpAgent.java:51)
	at com.alibaba.nacos.client.config.impl.ClientWorker.getServerConfig(ClientWorker.java:298)
	at com.alibaba.nacos.client.config.NacosConfigService.getConfigInner(NacosConfigService.java:149)
	at com.alibaba.nacos.client.config.NacosConfigService.getConfig(NacosConfigService.java:97)
	at com.alibaba.cloud.nacos.client.NacosPropertySourceBuilder.loadNacosData(NacosPropertySourceBuilder.java:85)
	at com.alibaba.cloud.nacos.client.NacosPropertySourceBuilder.build(NacosPropertySourceBuilder.java:74)
	at com.alibaba.cloud.nacos.client.NacosPropertySourceLocator.loadNacosPropertySource(NacosPropertySourceLocator.java:204)
	at com.alibaba.cloud.nacos.client.NacosPropertySourceLocator.loadNacosDataIfPresent(NacosPropertySourceLocator.java:191)
	at com.alibaba.cloud.nacos.client.NacosPropertySourceLocator.loadApplicationConfiguration(NacosPropertySourceLocator.java:142)
	at com.alibaba.cloud.nacos.client.NacosPropertySourceLocator.locate(NacosPropertySourceLocator.java:103)
	at org.springframework.cloud.bootstrap.config.PropertySourceLocator.locateCollection(PropertySourceLocator.java:52)
	at org.springframework.cloud.bootstrap.config.PropertySourceLocator.locateCollection(PropertySourceLocator.java:47)
	at org.springframework.cloud.bootstrap.config.PropertySourceBootstrapConfiguration.initialize(PropertySourceBootstrapConfiguration.java:98)
	at org.springframework.boot.SpringApplication.applyInitializers(SpringApplication.java:626)
	at org.springframework.boot.SpringApplication.prepareContext(SpringApplication.java:370)
	at org.springframework.boot.SpringApplication.run(SpringApplication.java:314)
	at org.springframework.boot.SpringApplication.run(SpringApplication.java:1237)
	at org.springframework.boot.SpringApplication.run(SpringApplication.java:1226)
	at com.tcoiss.gen.GenApplication.main(GenApplication.java:22)
09:01:27.066 [main] ERROR c.a.n.c.c.h.ServerHttpAgent - [httpGet,111] - [NACOS SocketTimeoutException httpGet] currentServerAddr:http://127.0.0.1:8848， err : connect timed out
09:01:28.068 [main] ERROR c.a.n.c.c.h.ServerHttpAgent - [httpGet,111] - [NACOS SocketTimeoutException httpGet] currentServerAddr:http://127.0.0.1:8848， err : connect timed out
09:01:29.069 [main] ERROR c.a.n.c.c.h.ServerHttpAgent - [httpGet,111] - [NACOS SocketTimeoutException httpGet] currentServerAddr:http://127.0.0.1:8848， err : connect timed out
09:01:29.069 [main] ERROR c.a.n.c.c.h.ServerHttpAgent - [httpGet,132] - no available server
09:01:29.070 [main] ERROR c.a.n.c.c.i.ClientWorker - [getServerConfig,303] - [fixed-127.0.0.1_8848] [sub-server] get server config exception, dataId=tcoiss-gen.yml, group=DEFAULT_GROUP, tenant=
java.net.ConnectException: no available server
	at com.alibaba.nacos.client.config.http.ServerHttpAgent.httpGet(ServerHttpAgent.java:133)
	at com.alibaba.nacos.client.config.http.MetricsHttpAgent.httpGet(MetricsHttpAgent.java:51)
	at com.alibaba.nacos.client.config.impl.ClientWorker.getServerConfig(ClientWorker.java:298)
	at com.alibaba.nacos.client.config.NacosConfigService.getConfigInner(NacosConfigService.java:149)
	at com.alibaba.nacos.client.config.NacosConfigService.getConfig(NacosConfigService.java:97)
	at com.alibaba.cloud.nacos.client.NacosPropertySourceBuilder.loadNacosData(NacosPropertySourceBuilder.java:85)
	at com.alibaba.cloud.nacos.client.NacosPropertySourceBuilder.build(NacosPropertySourceBuilder.java:74)
	at com.alibaba.cloud.nacos.client.NacosPropertySourceLocator.loadNacosPropertySource(NacosPropertySourceLocator.java:204)
	at com.alibaba.cloud.nacos.client.NacosPropertySourceLocator.loadNacosDataIfPresent(NacosPropertySourceLocator.java:191)
	at com.alibaba.cloud.nacos.client.NacosPropertySourceLocator.loadApplicationConfiguration(NacosPropertySourceLocator.java:145)
	at com.alibaba.cloud.nacos.client.NacosPropertySourceLocator.locate(NacosPropertySourceLocator.java:103)
	at org.springframework.cloud.bootstrap.config.PropertySourceLocator.locateCollection(PropertySourceLocator.java:52)
	at org.springframework.cloud.bootstrap.config.PropertySourceLocator.locateCollection(PropertySourceLocator.java:47)
	at org.springframework.cloud.bootstrap.config.PropertySourceBootstrapConfiguration.initialize(PropertySourceBootstrapConfiguration.java:98)
	at org.springframework.boot.SpringApplication.applyInitializers(SpringApplication.java:626)
	at org.springframework.boot.SpringApplication.prepareContext(SpringApplication.java:370)
	at org.springframework.boot.SpringApplication.run(SpringApplication.java:314)
	at org.springframework.boot.SpringApplication.run(SpringApplication.java:1237)
	at org.springframework.boot.SpringApplication.run(SpringApplication.java:1226)
	at com.tcoiss.gen.GenApplication.main(GenApplication.java:22)
09:01:30.072 [main] ERROR c.a.n.c.c.h.ServerHttpAgent - [httpGet,111] - [NACOS SocketTimeoutException httpGet] currentServerAddr:http://127.0.0.1:8848， err : connect timed out
09:01:31.077 [main] ERROR c.a.n.c.c.h.ServerHttpAgent - [httpGet,111] - [NACOS SocketTimeoutException httpGet] currentServerAddr:http://127.0.0.1:8848， err : connect timed out
09:01:32.097 [main] ERROR c.a.n.c.c.h.ServerHttpAgent - [httpGet,111] - [NACOS SocketTimeoutException httpGet] currentServerAddr:http://127.0.0.1:8848， err : connect timed out
09:01:32.097 [main] ERROR c.a.n.c.c.h.ServerHttpAgent - [httpGet,132] - no available server
09:01:32.097 [main] ERROR c.a.n.c.c.i.ClientWorker - [getServerConfig,303] - [fixed-127.0.0.1_8848] [sub-server] get server config exception, dataId=tcoiss-gen-dev.yml, group=DEFAULT_GROUP, tenant=
java.net.ConnectException: no available server
	at com.alibaba.nacos.client.config.http.ServerHttpAgent.httpGet(ServerHttpAgent.java:133)
	at com.alibaba.nacos.client.config.http.MetricsHttpAgent.httpGet(MetricsHttpAgent.java:51)
	at com.alibaba.nacos.client.config.impl.ClientWorker.getServerConfig(ClientWorker.java:298)
	at com.alibaba.nacos.client.config.NacosConfigService.getConfigInner(NacosConfigService.java:149)
	at com.alibaba.nacos.client.config.NacosConfigService.getConfig(NacosConfigService.java:97)
	at com.alibaba.cloud.nacos.client.NacosPropertySourceBuilder.loadNacosData(NacosPropertySourceBuilder.java:85)
	at com.alibaba.cloud.nacos.client.NacosPropertySourceBuilder.build(NacosPropertySourceBuilder.java:74)
	at com.alibaba.cloud.nacos.client.NacosPropertySourceLocator.loadNacosPropertySource(NacosPropertySourceLocator.java:204)
	at com.alibaba.cloud.nacos.client.NacosPropertySourceLocator.loadNacosDataIfPresent(NacosPropertySourceLocator.java:191)
	at com.alibaba.cloud.nacos.client.NacosPropertySourceLocator.loadApplicationConfiguration(NacosPropertySourceLocator.java:150)
	at com.alibaba.cloud.nacos.client.NacosPropertySourceLocator.locate(NacosPropertySourceLocator.java:103)
	at org.springframework.cloud.bootstrap.config.PropertySourceLocator.locateCollection(PropertySourceLocator.java:52)
	at org.springframework.cloud.bootstrap.config.PropertySourceLocator.locateCollection(PropertySourceLocator.java:47)
	at org.springframework.cloud.bootstrap.config.PropertySourceBootstrapConfiguration.initialize(PropertySourceBootstrapConfiguration.java:98)
	at org.springframework.boot.SpringApplication.applyInitializers(SpringApplication.java:626)
	at org.springframework.boot.SpringApplication.prepareContext(SpringApplication.java:370)
	at org.springframework.boot.SpringApplication.run(SpringApplication.java:314)
	at org.springframework.boot.SpringApplication.run(SpringApplication.java:1237)
	at org.springframework.boot.SpringApplication.run(SpringApplication.java:1226)
	at com.tcoiss.gen.GenApplication.main(GenApplication.java:22)
